<?xml version="1.0" encoding="UTF-8"?>
<!-- Generated by org.testng.reporters.JUnitXMLReporter -->
<testsuite ignored="0" hostname="LAPTOP-GAUPM6CM" failures="0" tests="3" name="Default test" time="0.047" errors="0" timestamp="2023-07-13T08:56:06 IST">
  <testcase classname="jul12th.TestNGDemo2" name="registrationTest" time="0.005"/>
  <testcase classname="jul12th.TestNGDemo2" name="loginTest" time="0.001"/>
  <testcase classname="jul12th.TestNGDemo2" name="changePasswordTest" time="0.001"/>
</testsuite> <!-- Default test -->
