<?xml version="1.0" encoding="UTF-8"?>
<testng-results ignored="0" total="3" passed="3" failed="0" skipped="0">
  <reporter-output>
  </reporter-output>
  <suite started-at="2023-07-13T08:56:06 IST" name="Default suite" finished-at="2023-07-13T08:56:06 IST" duration-ms="47">
    <groups>
    </groups>
    <test started-at="2023-07-13T08:56:06 IST" name="Default test" finished-at="2023-07-13T08:56:06 IST" duration-ms="47">
      <class name="jul12th.TestNGDemo2">
        <test-method is-config="true" signature="setUp()[pri:0, instance:jul12th.TestNGDemo2@272ed83b]" started-at="2023-07-13T08:56:06 IST" name="setUp" finished-at="2023-07-13T08:56:06 IST" duration-ms="5" status="PASS">
          <reporter-output>
          </reporter-output>
        </test-method> <!-- setUp -->
        <test-method signature="registrationTest()[pri:1, instance:jul12th.TestNGDemo2@272ed83b]" started-at="2023-07-13T08:56:06 IST" name="registrationTest" finished-at="2023-07-13T08:56:06 IST" duration-ms="5" status="PASS">
          <reporter-output>
          </reporter-output>
        </test-method> <!-- registrationTest -->
        <test-method is-config="true" signature="teardown()[pri:0, instance:jul12th.TestNGDemo2@272ed83b]" started-at="2023-07-13T08:56:06 IST" name="teardown" finished-at="2023-07-13T08:56:06 IST" duration-ms="1" status="PASS">
          <reporter-output>
          </reporter-output>
        </test-method> <!-- teardown -->
        <test-method is-config="true" signature="setUp()[pri:0, instance:jul12th.TestNGDemo2@272ed83b]" started-at="2023-07-13T08:56:06 IST" name="setUp" finished-at="2023-07-13T08:56:06 IST" duration-ms="0" status="PASS">
          <reporter-output>
          </reporter-output>
        </test-method> <!-- setUp -->
        <test-method signature="loginTest()[pri:2, instance:jul12th.TestNGDemo2@272ed83b]" started-at="2023-07-13T08:56:06 IST" name="loginTest" finished-at="2023-07-13T08:56:06 IST" duration-ms="1" status="PASS">
          <reporter-output>
          </reporter-output>
        </test-method> <!-- loginTest -->
        <test-method is-config="true" signature="teardown()[pri:0, instance:jul12th.TestNGDemo2@272ed83b]" started-at="2023-07-13T08:56:06 IST" name="teardown" finished-at="2023-07-13T08:56:06 IST" duration-ms="0" status="PASS">
          <reporter-output>
          </reporter-output>
        </test-method> <!-- teardown -->
        <test-method signature="changePasswordTest()[pri:3, instance:jul12th.TestNGDemo2@272ed83b]" started-at="2023-07-13T08:56:06 IST" name="changePasswordTest" finished-at="2023-07-13T08:56:06 IST" depends-on-methods="jul12th.TestNGDemo2.loginTest" duration-ms="1" status="PASS">
          <reporter-output>
          </reporter-output>
        </test-method> <!-- changePasswordTest -->
        <test-method is-config="true" signature="setUp()[pri:0, instance:jul12th.TestNGDemo2@272ed83b]" started-at="2023-07-13T08:56:06 IST" name="setUp" finished-at="2023-07-13T08:56:06 IST" duration-ms="0" status="PASS">
          <reporter-output>
          </reporter-output>
        </test-method> <!-- setUp -->
        <test-method is-config="true" signature="teardown()[pri:0, instance:jul12th.TestNGDemo2@272ed83b]" started-at="2023-07-13T08:56:06 IST" name="teardown" finished-at="2023-07-13T08:56:06 IST" duration-ms="1" status="PASS">
          <reporter-output>
          </reporter-output>
        </test-method> <!-- teardown -->
      </class> <!-- jul12th.TestNGDemo2 -->
    </test> <!-- Default test -->
  </suite> <!-- Default suite -->
</testng-results>
